

Microchip Technology PIC18 LITE Macro Assembler V1.32 build 58300 
                                                                                               Sun Aug 10 16:39:33 2014

Microchip Technology Omniscient Code Generator (Lite mode) build 58300
     1                           	processor	18F24K22
     2                           	fnconf	rparam,??,?,0
     3                           	opt	pw 120
     4                           	opt	lm
     5                           	psect	text0,global,reloc=2,class=CODE,delta=1
     6                           	psect	cinit,global,reloc=2,class=CODE,delta=1
     7                           	psect	bssCOMRAM,global,class=COMRAM,space=1,delta=1
     8                           	psect	cstackCOMRAM,global,class=COMRAM,space=1,delta=1
     9                           	psect	text1,global,reloc=2,class=CODE,delta=1
    10                           	psect	text2,global,reloc=2,class=CODE,delta=1
    11                           	psect	text3,global,reloc=2,class=CODE,delta=1
    12                           	psect	text4,global,reloc=2,class=CODE,delta=1
    13                           	psect	text5,global,reloc=2,class=CODE,delta=1
    14                           	psect	text6,global,reloc=2,class=CODE,delta=1
    15                           	psect	intsave_regs,global,class=BIGRAM,space=1,delta=1
    16                           	psect	rparam,global,class=COMRAM,space=1,delta=1
    17  0000                     _LATA	set	3977
    18  0000                     _LATAbits	set	3977
    19  0000                     _LATB	set	3978
    20  0000                     _LATC	set	3979
    21  0000                     _SSP1ADD	set	4040
    22  0000                     _SSP1BUF	set	4041
    23  0000                     _SSP1CON1bits	set	4038
    24  0000                     _SSP1STATbits	set	4039
    25  0000                     _TRISA	set	3986
    26  0000                     _TRISB	set	3987
    27  0000                     _TRISC	set	3988
    28                           
    29 ;;
    30 ;;Main: autosize = 0, tempsize = 0, incstack = 0, save=0
    31 ;;
    32 ;; *************** function _main *****************
    33 ;; Defined at:
    34 ;;		line 136 in file "main.c"
    35 ;; Parameters:    Size  Location     Type
    36 ;;		None
    37 ;; Auto vars:     Size  Location     Type
    38 ;;  i               2    5[COMRAM] int 
    39 ;; Return value:  Size  Location     Type
    40 ;;		None               void
    41 ;; Registers used:
    42 ;;		wreg, status,2, status,0, cstack
    43 ;; Tracked objects:
    44 ;;		On entry : 0/0
    45 ;;		On exit  : 0/0
    46 ;;		Unchanged: 0/0
    47 ;; Data sizes:     COMRAM   BANK0   BANK1   BANK2
    48 ;;      Params:         0       0       0       0
    49 ;;      Locals:         2       0       0       0
    50 ;;      Temps:          0       0       0       0
    51 ;;      Totals:         2       0       0       0
    52 ;;Total ram usage:        2 bytes
    53 ;; Hardware stack levels required when called:    2
    54 ;; This function calls:
    55 ;;		_delay10ms
    56 ;;		_nrfConfig
    57 ;;		_nrfTX
    58 ;;		_portConfig
    59 ;;		_spiConfig_1
    60 ;; This function is called by:
    61 ;;		Startup code after reset
    62 ;; This function uses a non-reentrant model
    63 ;;
    64                           
    65                           	psect	text0
    66  003F40                     __ptext0:
    67                           	opt stack 0
    68  003F40                     _main:
    69                           	opt stack 29
    70                           
    71                           ;main.c: 138: portConfig();
    72                           
    73                           ;incstack = 0
    74  003F40  EC63  F01F         	call	_portConfig	;wreg free
    75                           
    76                           ;main.c: 140: spiConfig_1();
    77  003F44  EC58  F01F         	call	_spiConfig_1	;wreg free
    78                           
    79                           ;main.c: 142: nrfConfig();
    80  003F48  ECC9  F01F         	call	_nrfConfig	;wreg free
    81  003F4C                     l674:
    82                           
    83                           ;main.c: 145: LATAbits.LATA0 = 1;
    84  003F4C  8089               	bsf	3977,0,c	;volatile
    85                           
    86                           ;main.c: 147: nrfTX(count);
    87  003F4E  C008  F004         	movff	_count,nrfTX@data
    88  003F52  C009  F005         	movff	_count+1,nrfTX@data+1
    89  003F56  EC70  F01F         	call	_nrfTX	;wreg free
    90                           
    91                           ;main.c: 148: count++;
    92  003F5A  4A08               	infsnz	_count,f,c
    93  003F5C  2A09               	incf	_count+1,f,c
    94                           
    95                           ;main.c: 150: LATAbits.LATA0 = 0;
    96  003F5E  9089               	bcf	3977,0,c	;volatile
    97                           
    98                           ;main.c: 153: int i = 0;
    99  003F60  0E00               	movlw	0
   100  003F62  6E07               	movwf	main@i+1,c
   101  003F64  0E00               	movlw	0
   102  003F66  6E06               	movwf	main@i,c
   103                           
   104                           ;main.c: 154: for (i=0;i<5;i++) {
   105  003F68  0E00               	movlw	0
   106  003F6A  6E07               	movwf	main@i+1,c
   107  003F6C  0E00               	movlw	0
   108  003F6E  6E06               	movwf	main@i,c
   109  003F70  5007               	movf	main@i+1,w,c
   110  003F72  0A80               	xorlw	128
   111  003F74  0F80               	addlw	-128
   112  003F76  0E05               	movlw	5
   113  003F78  B4D8               	btfsc	status,2,c
   114  003F7A  5C06               	subwf	main@i,w,c
   115  003F7C  B0D8               	btfsc	status,0,c
   116  003F7E  D7E6               	goto	l674
   117                           
   118                           ;main.c: 155: delay10ms(5);
   119  003F80  0E00               	movlw	0
   120  003F82  6E02               	movwf	delay10ms@ms_multi+1,c
   121  003F84  0E05               	movlw	5
   122  003F86  6E01               	movwf	delay10ms@ms_multi,c
   123  003F88  EC83  F01F         	call	_delay10ms	;wreg free
   124  003F8C  4A06               	infsnz	main@i,f,c
   125  003F8E  2A07               	incf	main@i+1,f,c
   126  003F90  D7EF               	goto	L1
   127  003F92                     __end_of_main:
   128                           	opt stack 0
   129                           status	equ	0xFD8
   130                           
   131                           	psect	cinit
   132  003E90                     __pcinit:
   133                           	opt stack 0
   134  003E90                     start_initialization:
   135                           	opt stack 0
   136  003E90                     __initialization:
   137                           	opt stack 0
   138                           
   139                           ; Clear objects allocated to COMRAM (2 bytes)
   140  003E90  6A09               	clrf	(__pbssCOMRAM+1)& (0+255),c
   141  003E92  6A08               	clrf	__pbssCOMRAM& (0+255),c
   142  003E94                     end_of_initialization:
   143                           	opt stack 0
   144  003E94                     __end_of__initialization:
   145                           	opt stack 0
   146  003E94  0100               	movlb	0
   147  003E96  EFA0  F01F         	goto	_main	;jump to C main() function
   148                           status	equ	0xFD8
   149                           
   150                           	psect	bssCOMRAM
   151  000008                     __pbssCOMRAM:
   152                           	opt stack 0
   153  000008                     _count:
   154                           	opt stack 0
   155  000008                     	ds	2
   156                           status	equ	0xFD8
   157                           
   158                           	psect	cstackCOMRAM
   159  000001                     __pcstackCOMRAM:
   160                           	opt stack 0
   161  000001                     spiWrite@data:
   162                           	opt stack 0
   163  000001                     delay10ms@ms_multi:
   164                           	opt stack 0
   165                           
   166                           ; 2 bytes @ 0x0
   167  000001                     	ds	2
   168  000003                     ??_delay10ms:
   169  000003                     ??_spiWrite:
   170                           
   171                           ; 0 bytes @ 0x2
   172  000003                     	ds	1
   173  000004                     nrfTX@data:
   174                           	opt stack 0
   175  000004                     delay10ms@i:
   176                           	opt stack 0
   177                           
   178                           ; 2 bytes @ 0x3
   179  000004                     	ds	2
   180  000006                     main@i:
   181                           	opt stack 0
   182                           
   183                           ; 2 bytes @ 0x5
   184  000006                     	ds	2
   185                           status	equ	0xFD8
   186                           
   187 ;; *************** function _spiConfig_1 *****************
   188 ;; Defined at:
   189 ;;		line 177 in file "main.c"
   190 ;; Parameters:    Size  Location     Type
   191 ;;		None
   192 ;; Auto vars:     Size  Location     Type
   193 ;;		None
   194 ;; Return value:  Size  Location     Type
   195 ;;		None               void
   196 ;; Registers used:
   197 ;;		wreg, status,2
   198 ;; Tracked objects:
   199 ;;		On entry : 0/0
   200 ;;		On exit  : 0/0
   201 ;;		Unchanged: 0/0
   202 ;; Data sizes:     COMRAM   BANK0   BANK1   BANK2
   203 ;;      Params:         0       0       0       0
   204 ;;      Locals:         0       0       0       0
   205 ;;      Temps:          0       0       0       0
   206 ;;      Totals:         0       0       0       0
   207 ;;Total ram usage:        0 bytes
   208 ;; Hardware stack levels used:    1
   209 ;; This function calls:
   210 ;;		Nothing
   211 ;; This function is called by:
   212 ;;		_main
   213 ;; This function uses a non-reentrant model
   214 ;;
   215                           
   216                           	psect	text1
   217  003EB0                     __ptext1:
   218                           	opt stack 0
   219  003EB0                     _spiConfig_1:
   220                           	opt stack 30
   221                           
   222                           ;main.c: 178: SSP1CON1bits.CKP = 0;
   223                           
   224                           ;incstack = 0
   225  003EB0  98C6               	bcf	4038,4,c	;volatile
   226                           
   227                           ;main.c: 179: SSP1STATbits.CKE = 1;
   228  003EB2  8CC7               	bsf	4039,6,c	;volatile
   229                           
   230                           ;main.c: 180: SSP1STATbits.SMP = 1;
   231  003EB4  8EC7               	bsf	4039,7,c	;volatile
   232                           
   233                           ;main.c: 181: SSP1ADD = 0b00011111;
   234  003EB6  0E1F               	movlw	31
   235  003EB8  6EC8               	movwf	4040,c	;volatile
   236                           
   237                           ;main.c: 182: SSP1CON1bits.SSPM = 0b1010;
   238  003EBA  50C6               	movf	4038,w,c	;volatile
   239  003EBC  0BF0               	andlw	-16
   240  003EBE  090A               	iorlw	10
   241  003EC0  6EC6               	movwf	4038,c	;volatile
   242                           
   243                           ;main.c: 184: SSP1CON1bits.SSPEN = 1;
   244  003EC2  8AC6               	bsf	4038,5,c	;volatile
   245  003EC4  0012               	return	
   246  003EC6                     __end_of_spiConfig_1:
   247                           	opt stack 0
   248                           status	equ	0xFD8
   249                           
   250 ;; *************** function _portConfig *****************
   251 ;; Defined at:
   252 ;;		line 163 in file "main.c"
   253 ;; Parameters:    Size  Location     Type
   254 ;;		None
   255 ;; Auto vars:     Size  Location     Type
   256 ;;		None
   257 ;; Return value:  Size  Location     Type
   258 ;;		None               void
   259 ;; Registers used:
   260 ;;		wreg, status,2
   261 ;; Tracked objects:
   262 ;;		On entry : 0/0
   263 ;;		On exit  : 0/0
   264 ;;		Unchanged: 0/0
   265 ;; Data sizes:     COMRAM   BANK0   BANK1   BANK2
   266 ;;      Params:         0       0       0       0
   267 ;;      Locals:         0       0       0       0
   268 ;;      Temps:          0       0       0       0
   269 ;;      Totals:         0       0       0       0
   270 ;;Total ram usage:        0 bytes
   271 ;; Hardware stack levels used:    1
   272 ;; This function calls:
   273 ;;		Nothing
   274 ;; This function is called by:
   275 ;;		_main
   276 ;; This function uses a non-reentrant model
   277 ;;
   278                           
   279                           	psect	text2
   280  003EC6                     __ptext2:
   281                           	opt stack 0
   282  003EC6                     _portConfig:
   283                           	opt stack 30
   284                           
   285                           ;main.c: 164: LATA = 0x00;
   286                           
   287                           ;incstack = 0
   288  003EC6  0E00               	movlw	0
   289  003EC8  6E89               	movwf	3977,c	;volatile
   290                           
   291                           ;main.c: 165: LATB = 0x00;
   292  003ECA  0E00               	movlw	0
   293  003ECC  6E8A               	movwf	3978,c	;volatile
   294                           
   295                           ;main.c: 166: LATC = 0x00;
   296  003ECE  0E00               	movlw	0
   297  003ED0  6E8B               	movwf	3979,c	;volatile
   298                           
   299                           ;main.c: 168: TRISA = 0b00000100;
   300  003ED2  0E04               	movlw	4
   301  003ED4  6E92               	movwf	3986,c	;volatile
   302                           
   303                           ;main.c: 169: TRISB = 0b00000000;
   304  003ED6  0E00               	movlw	0
   305  003ED8  6E93               	movwf	3987,c	;volatile
   306                           
   307                           ;main.c: 170: TRISC = 0b00010000;
   308  003EDA  0E10               	movlw	16
   309  003EDC  6E94               	movwf	3988,c	;volatile
   310  003EDE  0012               	return	
   311  003EE0                     __end_of_portConfig:
   312                           	opt stack 0
   313                           status	equ	0xFD8
   314                           
   315 ;; *************** function _nrfTX *****************
   316 ;; Defined at:
   317 ;;		line 213 in file "main.c"
   318 ;; Parameters:    Size  Location     Type
   319 ;;  data            2    3[COMRAM] int 
   320 ;; Auto vars:     Size  Location     Type
   321 ;;		None
   322 ;; Return value:  Size  Location     Type
   323 ;;		None               void
   324 ;; Registers used:
   325 ;;		wreg, status,2, cstack
   326 ;; Tracked objects:
   327 ;;		On entry : 0/0
   328 ;;		On exit  : 0/0
   329 ;;		Unchanged: 0/0
   330 ;; Data sizes:     COMRAM   BANK0   BANK1   BANK2
   331 ;;      Params:         2       0       0       0
   332 ;;      Locals:         0       0       0       0
   333 ;;      Temps:          0       0       0       0
   334 ;;      Totals:         2       0       0       0
   335 ;;Total ram usage:        2 bytes
   336 ;; Hardware stack levels used:    1
   337 ;; Hardware stack levels required when called:    1
   338 ;; This function calls:
   339 ;;		_spiWrite
   340 ;; This function is called by:
   341 ;;		_main
   342 ;; This function uses a non-reentrant model
   343 ;;
   344                           
   345                           	psect	text3
   346  003EE0                     __ptext3:
   347                           	opt stack 0
   348  003EE0                     _nrfTX:
   349                           	opt stack 29
   350                           
   351                           ;main.c: 214: spiWrite(0xA0);
   352                           
   353                           ;incstack = 0
   354  003EE0  0E00               	movlw	0
   355  003EE2  6E02               	movwf	spiWrite@data+1,c
   356  003EE4  0EA0               	movlw	160
   357  003EE6  6E01               	movwf	spiWrite@data,c
   358  003EE8  EC4D  F01F         	call	_spiWrite	;wreg free
   359                           
   360                           ;main.c: 215: spiWrite(data);
   361  003EEC  C004  F001         	movff	nrfTX@data,spiWrite@data
   362  003EF0  C005  F002         	movff	nrfTX@data+1,spiWrite@data+1
   363  003EF4  EC4D  F01F         	call	_spiWrite	;wreg free
   364                           
   365                           ;main.c: 218: LATAbits.LATA1 = 1;
   366  003EF8  8289               	bsf	3977,1,c	;volatile
   367                           
   368                           ;main.c: 219: _delay((unsigned long)((20)*(64000000/4000000.0)));
   369  003EFA  0E6A               	movlw	106
   370  003EFC                     u47:
   371  003EFC  2EE8               	decfsz	wreg,f,c
   372  003EFE  D7FE               	goto	u47
   373  003F00  D000               	nop2		;nop
   374                           
   375                           ;main.c: 220: LATAbits.LATA1 = 0;
   376  003F02  9289               	bcf	3977,1,c	;volatile
   377  003F04  0012               	return	
   378  003F06                     __end_of_nrfTX:
   379                           	opt stack 0
   380                           wreg	equ	0xFE8
   381                           status	equ	0xFD8
   382                           
   383 ;; *************** function _nrfConfig *****************
   384 ;; Defined at:
   385 ;;		line 190 in file "main.c"
   386 ;; Parameters:    Size  Location     Type
   387 ;;		None
   388 ;; Auto vars:     Size  Location     Type
   389 ;;		None
   390 ;; Return value:  Size  Location     Type
   391 ;;		None               void
   392 ;; Registers used:
   393 ;;		wreg, status,2, cstack
   394 ;; Tracked objects:
   395 ;;		On entry : 0/0
   396 ;;		On exit  : 0/0
   397 ;;		Unchanged: 0/0
   398 ;; Data sizes:     COMRAM   BANK0   BANK1   BANK2
   399 ;;      Params:         0       0       0       0
   400 ;;      Locals:         0       0       0       0
   401 ;;      Temps:          0       0       0       0
   402 ;;      Totals:         0       0       0       0
   403 ;;Total ram usage:        0 bytes
   404 ;; Hardware stack levels used:    1
   405 ;; Hardware stack levels required when called:    1
   406 ;; This function calls:
   407 ;;		_spiWrite
   408 ;; This function is called by:
   409 ;;		_main
   410 ;; This function uses a non-reentrant model
   411 ;;
   412                           
   413                           	psect	text4
   414  003F92                     __ptext4:
   415                           	opt stack 0
   416  003F92                     _nrfConfig:
   417                           	opt stack 29
   418                           
   419                           ;main.c: 191: spiWrite(0x20|0x00);
   420                           
   421                           ;incstack = 0
   422  003F92  0E00               	movlw	0
   423  003F94  6E02               	movwf	spiWrite@data+1,c
   424  003F96  0E20               	movlw	32
   425  003F98  6E01               	movwf	spiWrite@data,c
   426  003F9A  EC4D  F01F         	call	_spiWrite	;wreg free
   427                           
   428                           ;main.c: 192: spiWrite(0b00001010);
   429  003F9E  0E00               	movlw	0
   430  003FA0  6E02               	movwf	spiWrite@data+1,c
   431  003FA2  0E0A               	movlw	10
   432  003FA4  6E01               	movwf	spiWrite@data,c
   433  003FA6  EC4D  F01F         	call	_spiWrite	;wreg free
   434                           
   435                           ;main.c: 193: spiWrite(0x20|0x03);
   436  003FAA  0E00               	movlw	0
   437  003FAC  6E02               	movwf	spiWrite@data+1,c
   438  003FAE  0E23               	movlw	35
   439  003FB0  6E01               	movwf	spiWrite@data,c
   440  003FB2  EC4D  F01F         	call	_spiWrite	;wreg free
   441                           
   442                           ;main.c: 194: spiWrite(0b00000001);
   443  003FB6  0E00               	movlw	0
   444  003FB8  6E02               	movwf	spiWrite@data+1,c
   445  003FBA  0E01               	movlw	1
   446  003FBC  6E01               	movwf	spiWrite@data,c
   447  003FBE  EC4D  F01F         	call	_spiWrite	;wreg free
   448                           
   449                           ;main.c: 195: spiWrite(0x20|0x05);
   450  003FC2  0E00               	movlw	0
   451  003FC4  6E02               	movwf	spiWrite@data+1,c
   452  003FC6  0E25               	movlw	37
   453  003FC8  6E01               	movwf	spiWrite@data,c
   454  003FCA  EC4D  F01F         	call	_spiWrite	;wreg free
   455                           
   456                           ;main.c: 196: spiWrite(0b01101001);
   457  003FCE  0E00               	movlw	0
   458  003FD0  6E02               	movwf	spiWrite@data+1,c
   459  003FD2  0E69               	movlw	105
   460  003FD4  6E01               	movwf	spiWrite@data,c
   461  003FD6  EC4D  F01F         	call	_spiWrite	;wreg free
   462                           
   463                           ;main.c: 197: spiWrite(0x20|0x06);
   464  003FDA  0E00               	movlw	0
   465  003FDC  6E02               	movwf	spiWrite@data+1,c
   466  003FDE  0E26               	movlw	38
   467  003FE0  6E01               	movwf	spiWrite@data,c
   468  003FE2  EC4D  F01F         	call	_spiWrite	;wreg free
   469                           
   470                           ;main.c: 198: spiWrite(0b00000110);
   471  003FE6  0E00               	movlw	0
   472  003FE8  6E02               	movwf	spiWrite@data+1,c
   473  003FEA  0E06               	movlw	6
   474  003FEC  6E01               	movwf	spiWrite@data,c
   475  003FEE  EC4D  F01F         	call	_spiWrite	;wreg free
   476                           
   477                           ;main.c: 199: spiWrite(0xE1);
   478  003FF2  0E00               	movlw	0
   479  003FF4  6E02               	movwf	spiWrite@data+1,c
   480  003FF6  0EE1               	movlw	225
   481  003FF8  6E01               	movwf	spiWrite@data,c
   482  003FFA  EC4D  F01F         	call	_spiWrite	;wreg free
   483  003FFE  0012               	return	
   484  004000                     __end_of_nrfConfig:
   485                           	opt stack 0
   486                           wreg	equ	0xFE8
   487                           status	equ	0xFD8
   488                           
   489 ;; *************** function _spiWrite *****************
   490 ;; Defined at:
   491 ;;		line 205 in file "main.c"
   492 ;; Parameters:    Size  Location     Type
   493 ;;  data            2    0[COMRAM] int 
   494 ;; Auto vars:     Size  Location     Type
   495 ;;		None
   496 ;; Return value:  Size  Location     Type
   497 ;;		None               void
   498 ;; Registers used:
   499 ;;		wreg
   500 ;; Tracked objects:
   501 ;;		On entry : 0/0
   502 ;;		On exit  : 0/0
   503 ;;		Unchanged: 0/0
   504 ;; Data sizes:     COMRAM   BANK0   BANK1   BANK2
   505 ;;      Params:         2       0       0       0
   506 ;;      Locals:         0       0       0       0
   507 ;;      Temps:          1       0       0       0
   508 ;;      Totals:         3       0       0       0
   509 ;;Total ram usage:        3 bytes
   510 ;; Hardware stack levels used:    1
   511 ;; This function calls:
   512 ;;		Nothing
   513 ;; This function is called by:
   514 ;;		_nrfConfig
   515 ;;		_nrfTX
   516 ;; This function uses a non-reentrant model
   517 ;;
   518                           
   519                           	psect	text5
   520  003E9A                     __ptext5:
   521                           	opt stack 0
   522  003E9A                     _spiWrite:
   523                           	opt stack 29
   524                           
   525                           ;main.c: 206: SSP1BUF = data;
   526                           
   527                           ;incstack = 0
   528  003E9A  C001  FFC9         	movff	spiWrite@data,4041	;volatile
   529                           
   530                           ;main.c: 207: _delay((unsigned long)((500)*(64000000/4000000.0)));
   531  003E9E  0E0B               	movlw	11
   532  003EA0  6E03               	movwf	??_spiWrite& (0+255),c
   533  003EA2  0E62               	movlw	98
   534  003EA4                     u57:
   535  003EA4  2EE8               	decfsz	wreg,f,c
   536  003EA6  D7FE               	goto	u57
   537  003EA8  2E03               	decfsz	??_spiWrite& (0+255),f,c
   538  003EAA  D7FC               	goto	u57
   539  003EAC  D000               	nop2	
   540  003EAE  0012               	return	
   541  003EB0                     __end_of_spiWrite:
   542                           	opt stack 0
   543                           wreg	equ	0xFE8
   544                           status	equ	0xFD8
   545                           
   546 ;; *************** function _delay10ms *****************
   547 ;; Defined at:
   548 ;;		line 226 in file "main.c"
   549 ;; Parameters:    Size  Location     Type
   550 ;;  ms_multi        2    0[COMRAM] int 
   551 ;; Auto vars:     Size  Location     Type
   552 ;;  i               2    3[COMRAM] int 
   553 ;; Return value:  Size  Location     Type
   554 ;;		None               void
   555 ;; Registers used:
   556 ;;		wreg, status,2, status,0
   557 ;; Tracked objects:
   558 ;;		On entry : 0/0
   559 ;;		On exit  : 0/0
   560 ;;		Unchanged: 0/0
   561 ;; Data sizes:     COMRAM   BANK0   BANK1   BANK2
   562 ;;      Params:         2       0       0       0
   563 ;;      Locals:         2       0       0       0
   564 ;;      Temps:          1       0       0       0
   565 ;;      Totals:         5       0       0       0
   566 ;;Total ram usage:        5 bytes
   567 ;; Hardware stack levels used:    1
   568 ;; This function calls:
   569 ;;		Nothing
   570 ;; This function is called by:
   571 ;;		_main
   572 ;; This function uses a non-reentrant model
   573 ;;
   574                           
   575                           	psect	text6
   576  003F06                     __ptext6:
   577                           	opt stack 0
   578  003F06                     _delay10ms:
   579                           	opt stack 30
   580                           
   581                           ;main.c: 227: int i = 0;
   582                           
   583                           ;incstack = 0
   584  003F06  0E00               	movlw	0
   585  003F08  6E05               	movwf	delay10ms@i+1,c
   586  003F0A  0E00               	movlw	0
   587  003F0C  6E04               	movwf	delay10ms@i,c
   588                           
   589                           ;main.c: 228: for (i=0;i<ms_multi;i++) {
   590  003F0E  0E00               	movlw	0
   591  003F10  6E05               	movwf	delay10ms@i+1,c
   592  003F12  0E00               	movlw	0
   593  003F14  6E04               	movwf	delay10ms@i,c
   594  003F16  D009               	goto	l63
   595  003F18                     l668:
   596                           
   597                           ;main.c: 229: _delay((unsigned long)((10)*(64000000/4000.0)));
   598  003F18  0ED0               	movlw	208
   599  003F1A  6E03               	movwf	??_delay10ms& (0+255),c
   600  003F1C  0ECA               	movlw	202
   601  003F1E                     u67:
   602  003F1E  2EE8               	decfsz	wreg,f,c
   603  003F20  D7FE               	goto	u67
   604  003F22  2E03               	decfsz	??_delay10ms& (0+255),f,c
   605  003F24  D7FC               	goto	u67
   606  003F26  4A04               	infsnz	delay10ms@i,f,c
   607  003F28  2A05               	incf	delay10ms@i+1,f,c
   608  003F2A                     l63:
   609  003F2A  5005               	movf	delay10ms@i+1,w,c
   610  003F2C  0A80               	xorlw	128
   611  003F2E  6E03               	movwf	??_delay10ms& (0+255),c
   612  003F30  5001               	movf	delay10ms@ms_multi,w,c
   613  003F32  5C04               	subwf	delay10ms@i,w,c
   614  003F34  5002               	movf	delay10ms@ms_multi+1,w,c
   615  003F36  0A80               	xorlw	128
   616  003F38  5803               	subwfb	??_delay10ms& (0+255),w,c
   617  003F3A  B0D8               	btfsc	status,0,c
   618  003F3C  0012               	return	
   619  003F3E  D7EC               	goto	l668
   620  003F40                     __end_of_delay10ms:
   621                           	opt stack 0
   622  0000                     wreg	equ	0xFE8
   623                           status	equ	0xFD8
   624                           wreg	equ	0xFE8
   625                           status	equ	0xFD8
   626                           
   627                           	psect	rparam
   628  0000                     wreg	equ	0xFE8
   629                           status	equ	0xFD8


Data Sizes:
    Strings     0
    Constant    0
    Data        0
    BSS         2
    Persistent  0
    Stack       0

Auto Spaces:
    Space          Size  Autos    Used
    COMRAM           95      7       9
    BANK0           160      0       0
    BANK1           256      0       0
    BANK2           256      0       0

Pointer List with Targets:

    None.

Critical Paths under _main in COMRAM

    _main->_delay10ms
    _main->_nrfTX
    _nrfTX->_spiWrite
    _nrfConfig->_spiWrite

Critical Paths under _main in BANK0

    None.

Critical Paths under _main in BANK1

    None.

Critical Paths under _main in BANK2

    None.

Call Graph Tables:

 ---------------------------------------------------------------------------------
 (Depth) Function   	        Calls       Base Space   Used Autos Params    Refs
 ---------------------------------------------------------------------------------
 (0) _main                                                 2     2      0     921
                                              5 COMRAM     2     2      0
                          _delay10ms
                          _nrfConfig
                              _nrfTX
                         _portConfig
                        _spiConfig_1
 ---------------------------------------------------------------------------------
 (1) _spiConfig_1                                          0     0      0       0
 ---------------------------------------------------------------------------------
 (1) _portConfig                                           0     0      0       0
 ---------------------------------------------------------------------------------
 (1) _nrfTX                                                2     0      2     438
                                              3 COMRAM     2     0      2
                           _spiWrite
 ---------------------------------------------------------------------------------
 (1) _nrfConfig                                            0     0      0     389
                           _spiWrite
 ---------------------------------------------------------------------------------
 (2) _spiWrite                                             3     1      2     389
                                              0 COMRAM     3     1      2
 ---------------------------------------------------------------------------------
 (1) _delay10ms                                            5     3      2      64
                                              0 COMRAM     5     3      2
 ---------------------------------------------------------------------------------
 Estimated maximum stack depth 2
 ---------------------------------------------------------------------------------

 Call Graph Graphs:

 _main (ROOT)
   _delay10ms
   _nrfConfig
     _spiWrite
   _nrfTX
     _spiWrite
   _portConfig
   _spiConfig_1

 Address spaces:
Name               Size   Autos  Total    Cost      Usage
BIGRAM             2FF      0       0      10        0.0%
EEDATA             100      0       0       0        0.0%
BITBANK2           100      0       0       6        0.0%
BANK2              100      0       0       7        0.0%
BITBANK1           100      0       0       9        0.0%
BANK1              100      0       0       5        0.0%
BITBANK0            A0      0       0       3        0.0%
BANK0               A0      0       0       4        0.0%
BITCOMRAM           5F      0       0       0        0.0%
COMRAM              5F      7       9       1        9.5%
BITSFR_1             0      0       0      40        0.0%
SFR_1                0      0       0      40        0.0%
BITSFR               0      0       0      40        0.0%
SFR                  0      0       0      40        0.0%
STACK                0      0       0       2        0.0%
NULL                 0      0       0       0        0.0%
ABS                  0      0       9       8        0.0%
DATA                 0      0       9      11        0.0%
CODE                 0      0       0       0        0.0%


Microchip Technology PIC18 Macro Assembler V1.32 build 58300 
Symbol Table                                                                                   Sun Aug 10 16:39:33 2014

                     l63 3F2A                       u47 3EFC                       u57 3EA4  
                     u67 3F1E             spiWrite@data 0001              __CFG_LVP$ON 000000  
                    l674 3F4C                      l668 3F18                      wreg 000FE8  
                   _LATA 000F89                     _LATB 000F8A                     _LATC 000F8B  
                   _main 3F40            __CFG_BORV$190 000000                     start 0000  
          __CFG_IESO$OFF 000000                    ?_main 0001                    _TRISA 000F92  
                  _TRISB 000F93                    _TRISC 000F94           __CFG_FCMEN$OFF 000000  
                  _count 0008                    _nrfTX 3EE0       __CFG_MCLRE$EXTMCLR 000000  
                  main@i 0006                    status 000FD8           __CFG_HFOFST$ON 000000  
         __CFG_FOSC$HSHP 000000          __initialization 3E90             __end_of_main 3F92  
                 ??_main 0006            __activetblptr 000000           __CFG_PLLCFG$ON 000000  
                 ?_nrfTX 0004           __CFG_WDTEN$OFF 000000             ?_spiConfig_1 0001  
         __CFG_PWRTEN$ON 000000           __CFG_XINST$OFF 000000           __CFG_STVREN$ON 000000  
       __end_of_spiWrite 3EB0               __accesstop 0060  __end_of__initialization 3E94  
        __CFG_PBADEN$OFF 000000           __pcstackCOMRAM 0001       __size_of_delay10ms 003A  
          __end_of_nrfTX 3F06                  ??_nrfTX 0006       __size_of_nrfConfig 006E  
     __CFG_CCP2MX$PORTC1 000000       __CFG_CCP3MX$PORTB5 000000                  _SSP1ADD 000FC8  
                _SSP1BUF 000FC9        __end_of_delay10ms 3F40                  __Hparam 0000  
                __Lparam 0000     __size_of_spiConfig_1 0016               delay10ms@i 0004  
              ?_spiWrite 0001                  __pcinit 3E90                  __ramtop 0300  
                __ptext0 3F40                  __ptext1 3EB0                  __ptext2 3EC6  
                __ptext3 3EE0                  __ptext4 3F92                  __ptext5 3E9A  
                __ptext6 3F06        __end_of_nrfConfig 4000     end_of_initialization 3E94  
             ??_spiWrite 0003               _portConfig 3EC6      start_initialization 3E90  
            ?_portConfig 0001              __pbssCOMRAM 0008                _delay10ms 3F06  
      __size_of_spiWrite 0016         __CFG_PRICLKEN$ON 000000           __size_of_nrfTX 0026  
              _nrfConfig 3F92      __size_of_portConfig 001A                 _LATAbits 000F89  
             ?_delay10ms 0001            ??_spiConfig_1 0001         __CFG_WDTPS$32768 000000  
      delay10ms@ms_multi 0001               ?_nrfConfig 0001                 __Hrparam 0000  
               __Lrparam 0000       __CFG_BOREN$SBORDIS 000000        __CFG_P2BMX$PORTB5 000000  
    __end_of_spiConfig_1 3EC6                nrfTX@data 0004             _SSP1CON1bits 000FC6  
          __size_of_main 0052              ??_delay10ms 0003                 _spiWrite 3E9A  
           _SSP1STATbits 000FC7             ??_portConfig 0001              ??_nrfConfig 0004  
     __end_of_portConfig 3EE0              _spiConfig_1 3EB0        __CFG_T3CMX$PORTC0 000000  
